Using pre-set license
Built from '2020.3/release' branch; Version is '2020.3.7f1 (dd97f2c94397) revision 14522354'; Using compiler version '192528614'; Build Type 'Release'
OS: 'Windows 10 Home Single Language; OS build 19042.985; Version 2009; 64bit' Language: 'ru' Physical Memory: 8050 MB
BatchMode: 1, IsHumanControllingUs: 0, StartBugReporterOnCrash: 0, Is64bit: 1, IsPro: 0

 COMMAND LINE ARGUMENTS:
D:\Unity Hub\Editor\2020.3.7f1\Editor\Unity.exe
-adb2
-batchMode
-noUpm
-name
AssetImportWorker0
-projectPath
D:/Unity Hub/Editor/Spertis/SimulationEcosystem/SimulatiomEcosystem
-logFile
Logs/AssetImportWorker0.log
-srvPort
52851
Successfully changed project path to: D:/Unity Hub/Editor/Spertis/SimulationEcosystem/SimulatiomEcosystem
D:/Unity Hub/Editor/Spertis/SimulationEcosystem/SimulatiomEcosystem
Using Asset Import Pipeline V2.
Refreshing native plugins compatible for Editor in 112.54 ms, found 2 plugins.
Preloading 0 native plugins for Editor in 0.00 ms.
Initialize engine version: 2020.3.7f1 (dd97f2c94397)
[Subsystems] Discovering subsystems at path D:/Unity Hub/Editor/2020.3.7f1/Editor/Data/Resources/UnitySubsystems
[Subsystems] Discovering subsystems at path D:/Unity Hub/Editor/Spertis/SimulationEcosystem/SimulatiomEcosystem/Assets
GfxDevice: creating device client; threaded=0
Direct3D:
    Version:  Direct3D 11.0 [level 11.0]
    Renderer: Intel(R) HD Graphics 4000 (ID=0x166)
    Vendor:   
    VRAM:     128 MB
    Driver:   10.18.10.4252
Initialize mono
Mono path[0] = 'D:/Unity Hub/Editor/2020.3.7f1/Editor/Data/Managed'
Mono path[1] = 'D:/Unity Hub/Editor/2020.3.7f1/Editor/Data/MonoBleedingEdge/lib/mono/unityjit'
Mono config path = 'D:/Unity Hub/Editor/2020.3.7f1/Editor/Data/MonoBleedingEdge/etc'
Using monoOptions --debugger-agent=transport=dt_socket,embedding=1,server=y,suspend=n,address=127.0.0.1:56096
Begin MonoManager ReloadAssembly
Registering precompiled unity dll's ...
Register platform support module: D:/Unity Hub/Editor/2020.3.7f1/Editor/Data/PlaybackEngines/WebGLSupport/UnityEditor.WebGL.Extensions.dll
Register platform support module: D:/Unity Hub/Editor/2020.3.7f1/Editor/Data/PlaybackEngines/WindowsStandaloneSupport/UnityEditor.WindowsStandalone.Extensions.dll
Registered in 0.002155 seconds.
Native extension for WindowsStandalone target not found
Native extension for WebGL target not found
Refreshing native plugins compatible for Editor in 80.05 ms, found 2 plugins.
Preloading 0 native plugins for Editor in 0.00 ms.
Mono: successfully reloaded assembly
- Completed reload, in  1.688 seconds
Platform modules already initialized, skipping
Registering precompiled user dll's ...
Registered in 0.006112 seconds.
Begin MonoManager ReloadAssembly
Native extension for WindowsStandalone target not found
Native extension for WebGL target not found
Refreshing native plugins compatible for Editor in 1.06 ms, found 2 plugins.
Preloading 0 native plugins for Editor in 0.00 ms.
Mono: successfully reloaded assembly
- Completed reload, in  1.990 seconds
Platform modules already initialized, skipping
========================================================================
Worker process is ready to serve import requests
Launched and connected shader compiler UnityShaderCompiler.exe after 0.07 seconds
Refreshing native plugins compatible for Editor in 24.43 ms, found 2 plugins.
Preloading 0 native plugins for Editor in 0.00 ms.
Unloading 1869 Unused Serialized files (Serialized files now loaded: 0)
System memory in use before: 79.9 MB.
System memory in use after: 79.9 MB.

Unloading 54 unused Assets to reduce memory usage. Loaded Objects now: 2274.
Total: 19.577200 ms (FindLiveObjects: 0.577800 ms CreateObjectMapping: 0.194800 ms MarkObjects: 18.577600 ms  DeleteObjects: 0.222500 ms)

========================================================================
Received Import Request.
  path: Assets/Scripts/UI + Scene control/UIManager.cs
  artifactKey: Guid(5ea1700a96cffc24e8599698c2bdefa7) Importer(815301076,1909f56bfc062723c751e8b465ee728b)
Start importing Assets/Scripts/UI + Scene control/UIManager.cs using Guid(5ea1700a96cffc24e8599698c2bdefa7) Importer(815301076,1909f56bfc062723c751e8b465ee728b)  -> (artifact id: '9c1a4a4aed028f283815885b306ac132') in 1.072417 seconds
  Import took 1.129172 seconds .

========================================================================
Received Prepare
Registering precompiled user dll's ...
Registered in 0.018417 seconds.
Begin MonoManager ReloadAssembly
Native extension for WindowsStandalone target not found
Native extension for WebGL target not found
Refreshing native plugins compatible for Editor in 1.06 ms, found 2 plugins.
Preloading 0 native plugins for Editor in 0.00 ms.
Mono: successfully reloaded assembly
- Completed reload, in  1.874 seconds
Platform modules already initialized, skipping
Refreshing native plugins compatible for Editor in 2.05 ms, found 2 plugins.
Preloading 0 native plugins for Editor in 0.00 ms.
Unloading 1860 Unused Serialized files (Serialized files now loaded: 0)
System memory in use before: 79.4 MB.
System memory in use after: 79.5 MB.

Unloading 49 unused Assets to reduce memory usage. Loaded Objects now: 2277.
Total: 9.270900 ms (FindLiveObjects: 0.449500 ms CreateObjectMapping: 0.206300 ms MarkObjects: 8.551900 ms  DeleteObjects: 0.059600 ms)

========================================================================
Received Import Request.
  Time since last request: 772.530833 seconds.
  path: Assets/Scripts/UI + Scene control/UIManager.cs
  artifactKey: Guid(5ea1700a96cffc24e8599698c2bdefa7) Importer(815301076,1909f56bfc062723c751e8b465ee728b)
Start importing Assets/Scripts/UI + Scene control/UIManager.cs using Guid(5ea1700a96cffc24e8599698c2bdefa7) Importer(815301076,1909f56bfc062723c751e8b465ee728b)  -> (artifact id: 'f20cbf88b62c4ff03c679f5620c344bb') in 0.008845 seconds
  Import took 0.038580 seconds .

========================================================================
Received Prepare
Registering precompiled user dll's ...
Registered in 0.006880 seconds.
Begin MonoManager ReloadAssembly
Native extension for WindowsStandalone target not found
Native extension for WebGL target not found
Refreshing native plugins compatible for Editor in 5.64 ms, found 2 plugins.
Preloading 0 native plugins for Editor in 0.00 ms.
Mono: successfully reloaded assembly
- Completed reload, in  3.011 seconds
Platform modules already initialized, skipping
Refreshing native plugins compatible for Editor in 5.19 ms, found 2 plugins.
Preloading 0 native plugins for Editor in 0.00 ms.
Unloading 1860 Unused Serialized files (Serialized files now loaded: 0)
System memory in use before: 79.4 MB.
System memory in use after: 79.6 MB.

Unloading 49 unused Assets to reduce memory usage. Loaded Objects now: 2280.
Total: 9.001400 ms (FindLiveObjects: 0.256500 ms CreateObjectMapping: 0.113300 ms MarkObjects: 8.568200 ms  DeleteObjects: 0.059900 ms)

AssetImportWorkerClient::OnTransportError - code=2 error=End of file
